{
  "stats": {
    "suites": 2,
    "tests": 2,
    "passes": 2,
    "pending": 0,
    "failures": 0,
    "start": "2024-08-03T16:08:13.176Z",
    "end": "2024-08-03T16:09:00.288Z",
    "duration": 47112,
    "testsRegistered": 2,
    "passPercent": 100,
    "pendingPercent": 0,
    "other": 0,
    "hasOther": false,
    "skipped": 0,
    "hasSkipped": false
  },
  "results": [
    {
      "uuid": "903047ed-9e64-48ea-a473-65163b87713b",
      "title": "",
      "fullFile": "",
      "file": "",
      "beforeHooks": [],
      "afterHooks": [],
      "tests": [],
      "suites": [
        {
          "uuid": "3eaab622-0101-4a18-b0db-60a631b19431",
          "title": "Criar um novo usuario",
          "fullFile": "C:\\automacao-codeceptjs-web\\steps\\criar_usuario_test.js",
          "file": "\\steps\\criar_usuario_test.js",
          "beforeHooks": [
            {
              "title": "\"before all\" hook: codeceptjs.beforeSuite in \"Criar um novo usuario\"",
              "fullTitle": "Criar um novo usuario \"before all\" hook: codeceptjs.beforeSuite in \"Criar um novo usuario\"",
              "timedOut": false,
              "duration": 1935,
              "state": null,
              "speed": null,
              "pass": false,
              "fail": false,
              "pending": false,
              "context": null,
              "code": "scenario.suiteSetup(suite)",
              "err": {},
              "uuid": "02a7ed7e-1890-4c7e-bee7-ee16fe257c54",
              "parentUUID": "3eaab622-0101-4a18-b0db-60a631b19431",
              "isHook": true,
              "skipped": false
            },
            {
              "title": "\"before each\" hook: codeceptjs.before in \"Criar um novo usuario\"",
              "fullTitle": "Criar um novo usuario \"before each\" hook: codeceptjs.before in \"Criar um novo usuario\"",
              "timedOut": false,
              "duration": 1990,
              "state": null,
              "speed": null,
              "pass": false,
              "fail": false,
              "pending": false,
              "context": null,
              "code": "scenario.setup(suite)",
              "err": {},
              "uuid": "ba7c2318-9fe7-4a2c-b35f-c003ecc80de7",
              "parentUUID": "3eaab622-0101-4a18-b0db-60a631b19431",
              "isHook": true,
              "skipped": false
            }
          ],
          "afterHooks": [
            {
              "title": "\"after all\" hook: codeceptjs.afterSuite in \"Criar um novo usuario\"",
              "fullTitle": "Criar um novo usuario \"after all\" hook: codeceptjs.afterSuite in \"Criar um novo usuario\"",
              "timedOut": false,
              "duration": 1,
              "state": null,
              "speed": null,
              "pass": false,
              "fail": false,
              "pending": false,
              "context": null,
              "code": "scenario.suiteTeardown(suite)",
              "err": {},
              "uuid": "1012bbba-7c63-4c46-a583-f4c12d27d570",
              "parentUUID": "3eaab622-0101-4a18-b0db-60a631b19431",
              "isHook": true,
              "skipped": false
            },
            {
              "title": "\"after each\" hook: finalize codeceptjs in \"Criar um novo usuario\"",
              "fullTitle": "Criar um novo usuario \"after each\" hook: finalize codeceptjs in \"Criar um novo usuario\"",
              "timedOut": false,
              "duration": 63,
              "state": null,
              "speed": null,
              "pass": false,
              "fail": false,
              "pending": false,
              "context": null,
              "code": "scenario.teardown(suite)",
              "err": {},
              "uuid": "efa0b543-5b28-487d-916d-91beb8b4a136",
              "parentUUID": "3eaab622-0101-4a18-b0db-60a631b19431",
              "isHook": true,
              "skipped": false
            }
          ],
          "tests": [
            {
              "title": "Registar uma nova conta",
              "fullTitle": "Criar um novo usuario: Registar uma nova conta",
              "timedOut": false,
              "duration": 26726,
              "state": "passed",
              "speed": "slow",
              "pass": true,
              "fail": false,
              "pending": false,
              "context": null,
              "code": "var randomEmail = faker.internet.email();\nvar name = faker.name.firstName() \nvar lastName = faker.name.lastName()\n\n   // console.log(`${name} ${lastName}`)\n\n  \nI.amOnPage('/')\n// home\nhome_page.acessarLoginPage()\n//TELA DE LOGIN\nlogin_page.criarConta(faker.internet.email())\n// TELA DE CRIAR CONTA\n\n//Cadastrando campos do usuario\ncadastroSucesso_pagePage.cadastroUsuarioSucesso(name,lastName)\ncadastroSucesso_pagePage.confirmarUsuario()\n\n\n// Validando que a conta está logada.\nminhaConta_pagePage.validarUsuarioLogado()",
              "err": {},
              "uuid": "02f755c1-18ce-4986-8c0e-071d7d678914",
              "parentUUID": "3eaab622-0101-4a18-b0db-60a631b19431",
              "isHook": false,
              "skipped": false
            }
          ],
          "suites": [],
          "passes": [
            "02f755c1-18ce-4986-8c0e-071d7d678914"
          ],
          "failures": [],
          "pending": [],
          "skipped": [],
          "duration": 26726,
          "root": false,
          "rootEmpty": false,
          "_timeout": 0
        },
        {
          "uuid": "398812e1-f6cc-448b-a4ae-455e6a2ce036",
          "title": "login",
          "fullFile": "C:\\automacao-codeceptjs-web\\steps\\login_test.js",
          "file": "\\steps\\login_test.js",
          "beforeHooks": [
            {
              "title": "\"before all\" hook: codeceptjs.beforeSuite in \"login\"",
              "fullTitle": "login \"before all\" hook: codeceptjs.beforeSuite in \"login\"",
              "timedOut": false,
              "duration": 1,
              "state": null,
              "speed": null,
              "pass": false,
              "fail": false,
              "pending": false,
              "context": null,
              "code": "scenario.suiteSetup(suite)",
              "err": {},
              "uuid": "14c0a26e-2c31-43eb-a406-770a903c34a5",
              "parentUUID": "398812e1-f6cc-448b-a4ae-455e6a2ce036",
              "isHook": true,
              "skipped": false
            },
            {
              "title": "\"before all\" hook: BeforeSuite in \"login\"",
              "fullTitle": "login \"before all\" hook: BeforeSuite in \"login\"",
              "timedOut": false,
              "duration": 10,
              "state": null,
              "speed": null,
              "pass": false,
              "fail": false,
              "pending": false,
              "context": null,
              "code": "// vai execultar sempre antes de tudo da feature\nconsole.log('Antes de tudo')",
              "err": {},
              "uuid": "88b7eb7c-043f-42a9-95fe-12a28f9e6244",
              "parentUUID": "398812e1-f6cc-448b-a4ae-455e6a2ce036",
              "isHook": true,
              "skipped": false
            },
            {
              "title": "\"before each\" hook: codeceptjs.before in \"login\"",
              "fullTitle": "login \"before each\" hook: codeceptjs.before in \"login\"",
              "timedOut": false,
              "duration": 1132,
              "state": null,
              "speed": null,
              "pass": false,
              "fail": false,
              "pending": false,
              "context": null,
              "code": "scenario.setup(suite)",
              "err": {},
              "uuid": "a2889edd-c099-4a73-bbbb-2eb09280d1c7",
              "parentUUID": "398812e1-f6cc-448b-a4ae-455e6a2ce036",
              "isHook": true,
              "skipped": false
            },
            {
              "title": "\"before each\" hook: Before in \"login\"",
              "fullTitle": "login \"before each\" hook: Before in \"login\"",
              "timedOut": false,
              "duration": 7171,
              "state": null,
              "speed": null,
              "pass": false,
              "fail": false,
              "pending": false,
              "context": null,
              "code": "// vai execultar sempre antes de cada cenario. \nI.amOnPage('/') // antes de cada cenario, vai acessar a apkicação do site.",
              "err": {},
              "uuid": "d30ddb07-9bef-4e8e-89d5-6a5151776c73",
              "parentUUID": "398812e1-f6cc-448b-a4ae-455e6a2ce036",
              "isHook": true,
              "skipped": false
            }
          ],
          "afterHooks": [
            {
              "title": "\"after all\" hook: AfterSuite in \"login\"",
              "fullTitle": "login \"after all\" hook: AfterSuite in \"login\"",
              "timedOut": false,
              "duration": 2,
              "state": null,
              "speed": null,
              "pass": false,
              "fail": false,
              "pending": false,
              "context": null,
              "code": "// vai executar depois de toda a feature vai execultar os comandos\nconsole.log('depois da feaure de testes.')",
              "err": {},
              "uuid": "00c52e33-db2c-47e2-bda5-5b040c0e84fa",
              "parentUUID": "398812e1-f6cc-448b-a4ae-455e6a2ce036",
              "isHook": true,
              "skipped": false
            },
            {
              "title": "\"after all\" hook: codeceptjs.afterSuite in \"login\"",
              "fullTitle": "login \"after all\" hook: codeceptjs.afterSuite in \"login\"",
              "timedOut": false,
              "duration": 0,
              "state": null,
              "speed": null,
              "pass": false,
              "fail": false,
              "pending": false,
              "context": null,
              "code": "scenario.suiteTeardown(suite)",
              "err": {},
              "uuid": "7a8ba95c-d6b5-4dd1-82ad-49e3d2c8ee2a",
              "parentUUID": "398812e1-f6cc-448b-a4ae-455e6a2ce036",
              "isHook": true,
              "skipped": false
            },
            {
              "title": "\"after each\" hook: After in \"login\"",
              "fullTitle": "login \"after each\" hook: After in \"login\"",
              "timedOut": false,
              "duration": 2,
              "state": null,
              "speed": null,
              "pass": false,
              "fail": false,
              "pending": false,
              "context": null,
              "code": "// vai executar depois de cada cenario. \nconsole.log('depois dos testes.')",
              "err": {},
              "uuid": "dd81562f-6bf1-4f6f-bd3c-53d61017f959",
              "parentUUID": "398812e1-f6cc-448b-a4ae-455e6a2ce036",
              "isHook": true,
              "skipped": false
            },
            {
              "title": "\"after each\" hook: finalize codeceptjs in \"login\"",
              "fullTitle": "login \"after each\" hook: finalize codeceptjs in \"login\"",
              "timedOut": false,
              "duration": 111,
              "state": null,
              "speed": null,
              "pass": false,
              "fail": false,
              "pending": false,
              "context": null,
              "code": "scenario.teardown(suite)",
              "err": {},
              "uuid": "122f0ff6-0c63-485f-8fd4-d327ee3f1cbc",
              "parentUUID": "398812e1-f6cc-448b-a4ae-455e6a2ce036",
              "isHook": true,
              "skipped": false
            }
          ],
          "tests": [
            {
              "title": " Acesar tela de criar conta",
              "fullTitle": "login:  Acesar tela de criar conta",
              "timedOut": false,
              "duration": 7952,
              "state": "passed",
              "speed": "slow",
              "pass": true,
              "fail": false,
              "pending": false,
              "context": null,
              "code": "I}) => {\n   \n    var email=  faker.internet.email()\n    I.amOnPage('/')\n    //pause() // serve para debugar, usando esse pause, conseguimos realizar os testes automatizados passo a passo, assim quando quebrar veremos onde está quebrando, fora a opção de ver nos logs.\n    I.click(\"//a[@href= '/login']\")\n    I.fillField(\"//input[@type= 'text']\" , \"Qatester\")\n    I.fillField(\"//input[@data-qa= 'signup-email']\" , email)\n    I.click(\"//button[@data-qa= 'signup-button']\")\n   I.wait(2)",
              "err": {},
              "uuid": "f6fb7066-3aa8-4a63-b455-c7620f0a4a4f",
              "parentUUID": "398812e1-f6cc-448b-a4ae-455e6a2ce036",
              "isHook": false,
              "skipped": false
            }
          ],
          "suites": [],
          "passes": [
            "f6fb7066-3aa8-4a63-b455-c7620f0a4a4f"
          ],
          "failures": [],
          "pending": [],
          "skipped": [],
          "duration": 7952,
          "root": false,
          "rootEmpty": false,
          "_timeout": 0
        }
      ],
      "passes": [],
      "failures": [],
      "pending": [],
      "skipped": [],
      "duration": 0,
      "root": true,
      "rootEmpty": true,
      "_timeout": 0
    }
  ],
  "meta": {
    "mocha": {
      "version": "10.4.0"
    },
    "mochawesome": {
      "options": {
        "quiet": false,
        "reportFilename": "mochawesome",
        "saveHtml": true,
        "saveJson": true,
        "consoleReporter": "spec",
        "useInlineDiffs": false,
        "code": true
      },
      "version": "7.1.3"
    },
    "marge": {
      "options": {},
      "version": "6.2.0"
    }
  }
}